[debug] [2025-05-11T10:28:13.160Z] ----------------------------------------------------------------------
[debug] [2025-05-11T10:28:13.175Z] Command:       /nix/store/rbdrkcs5kkwpalxcd7c6bnm33lk2955n-nodejs-20.19.0/bin/node /nix/store/h4vwr7z06qfjp6g97is2nhmki2jfwlgd-firebase-tools-14.2.2/lib/node_modules/firebase-tools/lib/bin/firebase.js login --no-localhost
[debug] [2025-05-11T10:28:13.185Z] CLI Version:   14.2.2
[debug] [2025-05-11T10:28:13.185Z] Platform:      linux
[debug] [2025-05-11T10:28:13.185Z] Node Version:  v20.19.0
[debug] [2025-05-11T10:28:13.192Z] Time:          Sun May 11 2025 10:28:13 GMT+0000 (Coordinated Universal Time)
[debug] [2025-05-11T10:28:13.192Z] ----------------------------------------------------------------------
[debug] 
[debug] [2025-05-11T10:28:13.220Z] >>> [apiv2][query] GET https://firebase-public.firebaseio.com/cli.json [none]
[info] i  Firebase optionally collects CLI and Emulator Suite usage and error reporting information to help improve our products. Data is collected in accordance with Google's privacy policy (https://policies.google.com/privacy) and is not used to identify you.
 
[debug] [2025-05-11T10:28:13.820Z] <<< [apiv2][status] GET https://firebase-public.firebaseio.com/cli.json 200
[debug] [2025-05-11T10:28:13.821Z] <<< [apiv2][body] GET https://firebase-public.firebaseio.com/cli.json {"cloudBuildErrorAfter":1594252800000,"cloudBuildWarnAfter":1590019200000,"defaultNode10After":1594252800000,"minVersion":"3.0.5","node8DeploysDisabledAfter":1613390400000,"node8RuntimeDisabledAfter":1615809600000,"node8WarnAfter":1600128000000}
[debug] [2025-05-11T10:33:29.306Z] ----------------------------------------------------------------------
[debug] [2025-05-11T10:33:29.309Z] Command:       /nix/store/rbdrkcs5kkwpalxcd7c6bnm33lk2955n-nodejs-20.19.0/bin/node /nix/store/h4vwr7z06qfjp6g97is2nhmki2jfwlgd-firebase-tools-14.2.2/lib/node_modules/firebase-tools/lib/bin/firebase.js login --no-localhost
[debug] [2025-05-11T10:33:29.310Z] CLI Version:   14.2.2
[debug] [2025-05-11T10:33:29.310Z] Platform:      linux
[debug] [2025-05-11T10:33:29.310Z] Node Version:  v20.19.0
[debug] [2025-05-11T10:33:29.311Z] Time:          Sun May 11 2025 10:33:29 GMT+0000 (Coordinated Universal Time)
[debug] [2025-05-11T10:33:29.311Z] ----------------------------------------------------------------------
[debug] 
[info] i  Firebase optionally collects CLI and Emulator Suite usage and error reporting information to help improve our products. Data is collected in accordance with Google's privacy policy (https://policies.google.com/privacy) and is not used to identify you.
 
